-------------------------------------------------------------------------------
Test set: TestSuite
-------------------------------------------------------------------------------
Tests run: 10, Failures: 1, Errors: 0, Skipped: 1, Time elapsed: 1.277 sec <<< FAILURE! - in TestSuite
editUser(tests.Testing3)  Time elapsed: 0.019 sec  <<< FAILURE!
java.lang.AssertionError: 
The following asserts failed:
	Verifying element expected [true] but found [false]
	at tests.Testing3.editUser(Testing3.java:28)

